<?xml version="1.0" encoding="utf-8"?>
<!DOCTYPE hibernate-configuration PUBLIC
        "-//Hibernate/Hibernate Configuration DTD 3.0//EN"
        "http://www.hibernate.org/dtd/hibernate-configuration-3.0.dtd">

<hibernate-configuration>

    <session-factory>
        <!-- <property name="show_sql">true</property>
         <property name="format_sql">true</property>-->
        <!--<property name="use_sql_comments">true</property>-->

        <mapping resource="IdentifierSource.hbm.xml"/>

    </session-factory>
</hibernate-configuration>